<?xml version="1.0"?>
<testsuite name="PhantomJS 2.1.1 (Mac OS X 0.0.0)" package="" timestamp="2016-10-24T13:06:16" id="0" hostname="Felicitys-MacBook-Pro-2.local" tests="1" errors="0" failures="0" time="0.001">
  <properties>
    <property name="browser.fullName" value="Mozilla/5.0 (Macintosh; Intel Mac OS X) AppleWebKit/538.1 (KHTML, like Gecko) PhantomJS/2.1.1 Safari/538.1"/>
  </properties>
  <testcase name="A test suite contains test spec with an expectation" time="0.001" classname="PhantomJS_2_1_1_(Mac_OS_X_0_0_0).A test suite"/>
  <system-out>
    <![CDATA[PhantomJS 2.1.1 (Mac OS X 0.0.0) LOG: 'hello world'

]]>
  </system-out>
  <system-err/>
</testsuite>