<?xml version="1.0" ?>
<!DOCTYPE coverage SYSTEM "http://cobertura.sourceforge.net/xml/coverage-04.dtd">
<coverage lines-valid="3"  lines-covered="2"  line-rate="0.6667000000000001"  branches-valid="2"  branches-covered="1"  branch-rate="0.5"  timestamp="1477314376342" complexity="0" version="0.1">
<sources>
	<source>/Users/felicityskinner/Documents/Projects/flan-project2</source>
</sources>
<packages>
	<package name="components"  line-rate="0.6667000000000001"  branch-rate="0.5" >
	<classes>
		<class name="example.js"  filename="app/components/example.js"  line-rate="0.6667000000000001"  branch-rate="0.5" >
		<methods>
		</methods>
		<lines>
			<line number="1"  hits="1"  branch="true"  condition-coverage="50% (1/2)" />
			<line number="2"  hits="1"  branch="false" />
			<line number="4"  hits="0"  branch="false" />
		</lines>
		</class>
	</classes>
	</package>
</packages>
</coverage>
